<?xml version="1.0" encoding="UTF-8"?>
<testng-results ignored="0" total="5" passed="5" failed="0" skipped="0">
  <reporter-output>
    <line>
      <![CDATA[Application Is Launched SuccessFully]]>
    </line>
    <line>
      <![CDATA[---------------------------------------------------------------------]]>
    </line>
    <line>
      <![CDATA[Hover Mouse Action Performed For QA Automation Link ]]>
    </line>
    <line>
      <![CDATA[Hover Mouse Action Performed For Practice Automation Link ]]>
    </line>
    <line>
      <![CDATA[Hover Mouse Action Performed For Demo Site- Registration Form Link ]]>
    </line>
    <line>
      <![CDATA[---------------------------------------------------------------------]]>
    </line>
    <line>
      <![CDATA[Title For Displayed]]>
    </line>
    <line>
      <![CDATA[The Form Title Is Register For Demo]]>
    </line>
    <line>
      <![CDATA[Registration Title Page Is Register For Demo]]>
    </line>
    <line>
      <![CDATA[Registration Title Page Is Enabled ]]>
    </line>
    <line>
      <![CDATA[First Name Is Displayed]]>
    </line>
    <line>
      <![CDATA[First Name Is Rohan]]>
    </line>
    <line>
      <![CDATA[First Name Is Enabled ]]>
    </line>
    <line>
      <![CDATA[Last Name Is Displayed]]>
    </line>
    <line>
      <![CDATA[Last Name Is Shrivastava]]>
    </line>
    <line>
      <![CDATA[Last Name Is Enabled ]]>
    </line>
    <line>
      <![CDATA[Male Radio Button Is Displayed]]>
    </line>
    <line>
      <![CDATA[Male Radio Button Is Male]]>
    </line>
    <line>
      <![CDATA[Male Radio Button Is Enabled ]]>
    </line>
    <line>
      <![CDATA[Male Radio Button Is Selected]]>
    </line>
    <line>
      <![CDATA[Address Is Displayed]]>
    </line>
    <line>
      <![CDATA[Address Is Shinde Ki Chhawani]]>
    </line>
    <line>
      <![CDATA[Address Is Enabled ]]>
    </line>
    <line>
      <![CDATA[Street Address Is Displayed]]>
    </line>
    <line>
      <![CDATA[Street Address Is Near DD Mall]]>
    </line>
    <line>
      <![CDATA[Street Address Is Enabled ]]>
    </line>
    <line>
      <![CDATA[City Is Displayed]]>
    </line>
    <line>
      <![CDATA[City Is Gwalior]]>
    </line>
    <line>
      <![CDATA[City Is Enabled ]]>
    </line>
    <line>
      <![CDATA[State Is Displayed]]>
    </line>
    <line>
      <![CDATA[State Is Madhya Pradesh]]>
    </line>
    <line>
      <![CDATA[State Is Enabled ]]>
    </line>
    <line>
      <![CDATA[Pin Code Is Displayed]]>
    </line>
    <line>
      <![CDATA[Pin Code Is 474001]]>
    </line>
    <line>
      <![CDATA[Pin Code Is Enabled ]]>
    </line>
    <line>
      <![CDATA[Country Is Displayed]]>
    </line>
    <line>
      <![CDATA[Selected Country Is India]]>
    </line>
    <line>
      <![CDATA[Country Is Enabled ]]>
    </line>
    <line>
      <![CDATA[Email Is Displayed]]>
    </line>
    <line>
      <![CDATA[Email Is Rohan@gmail.com]]>
    </line>
    <line>
      <![CDATA[Email Is Enabled ]]>
    </line>
    <line>
      <![CDATA[Date Of Demo Is Displayed]]>
    </line>
    <line>
      <![CDATA[Date Of Demo Is 27/07/2022]]>
    </line>
    <line>
      <![CDATA[Date Of Demo Is Enabled ]]>
    </line>
    <line>
      <![CDATA[Convenient Time HH Is Displayed]]>
    </line>
    <line>
      <![CDATA[02 Is Select Convenient Time HH]]>
    </line>
    <line>
      <![CDATA[Convenient Time HH Is Enabled ]]>
    </line>
    <line>
      <![CDATA[Convenient Time MM Is Displayed]]>
    </line>
    <line>
      <![CDATA[30 Is Select Convenient Time MM]]>
    </line>
    <line>
      <![CDATA[Convenient Time MM Is Enabled ]]>
    </line>
    <line>
      <![CDATA[Mobile Number Is Displayed]]>
    </line>
    <line>
      <![CDATA[Mobile Number Is 9865326598]]>
    </line>
    <line>
      <![CDATA[Mobile Number Is Enabled ]]>
    </line>
    <line>
      <![CDATA[Course Interested UFT Is Displayed]]>
    </line>
    <line>
      <![CDATA[Course Interested UFT Is UFT]]>
    </line>
    <line>
      <![CDATA[Course Interested UFT Is Enabled ]]>
    </line>
    <line>
      <![CDATA[Course Interested TestNG Is Displayed]]>
    </line>
    <line>
      <![CDATA[Course Interested TestNG Is TextNG]]>
    </line>
    <line>
      <![CDATA[Course Interested TestNG Is Enabled ]]>
    </line>
    <line>
      <![CDATA[Enter Your Query Is Displayed]]>
    </line>
    <line>
      <![CDATA[Enter Your Query Is In Which Date TextNg Start]]>
    </line>
    <line>
      <![CDATA[Enter Your Query Is Enabled ]]>
    </line>
    <line>
      <![CDATA[Verification Is Displayed]]>
    </line>
    <line>
      <![CDATA[Verification Value Is 99]]>
    </line>
    <line>
      <![CDATA[Verification Is Enabled ]]>
    </line>
    <line>
      <![CDATA[Submit Button Is Displayed]]>
    </line>
    <line>
      <![CDATA[Submit Button Is Click]]>
    </line>
    <line>
      <![CDATA[Submit Button  Is Enabled ]]>
    </line>
    <line>
      <![CDATA[---------------------------------------------------------------------]]>
    </line>
    <line>
      <![CDATA[Registration Form is Successfully Is Displayed]]>
    </line>
    <line>
      <![CDATA[The Validate Message Is Registration Form is Successfully Submitted. The Transaction ID : NXTGEN1937465]]>
    </line>
    <line>
      <![CDATA[Transaction Id Is NXTGEN1937465]]>
    </line>
    <line>
      <![CDATA[---------------------------------------------------------------------]]>
    </line>
    <line>
      <![CDATA[Application Close ]]>
    </line>
    <line>
      <![CDATA[---------------------------------------------------------------------]]>
    </line>
  </reporter-output>
  <suite started-at="2022-09-07T17:00:47 IST" name="Automation Suite" finished-at="2022-09-07T17:01:07 IST" duration-ms="19982">
    <groups>
    </groups>
    <test started-at="2022-09-07T17:00:47 IST" name="Register_User_Demo_TestCase" finished-at="2022-09-07T17:01:07 IST" duration-ms="19982">
      <class name="com.telus.testng.RegisterUserDemo">
        <test-method signature="launchApplication()[pri:1, instance:com.telus.testng.RegisterUserDemo@79da8dc5]" started-at="2022-09-07T17:00:47 IST" name="launchApplication" finished-at="2022-09-07T17:00:56 IST" duration-ms="9210" status="PASS">
          <reporter-output>
            <line>
              <![CDATA[Application Is Launched SuccessFully]]>
            </line>
            <line>
              <![CDATA[---------------------------------------------------------------------]]>
            </line>
          </reporter-output>
        </test-method> <!-- launchApplication -->
        <test-method signature="navigateToRegistrationForm()[pri:2, instance:com.telus.testng.RegisterUserDemo@79da8dc5]" started-at="2022-09-07T17:00:56 IST" name="navigateToRegistrationForm" finished-at="2022-09-07T17:01:00 IST" duration-ms="3451" status="PASS">
          <reporter-output>
            <line>
              <![CDATA[Hover Mouse Action Performed For QA Automation Link ]]>
            </line>
            <line>
              <![CDATA[Hover Mouse Action Performed For Practice Automation Link ]]>
            </line>
            <line>
              <![CDATA[Hover Mouse Action Performed For Demo Site- Registration Form Link ]]>
            </line>
            <line>
              <![CDATA[---------------------------------------------------------------------]]>
            </line>
          </reporter-output>
        </test-method> <!-- navigateToRegistrationForm -->
        <test-method signature="registerUser()[pri:3, instance:com.telus.testng.RegisterUserDemo@79da8dc5]" started-at="2022-09-07T17:01:00 IST" name="registerUser" finished-at="2022-09-07T17:01:06 IST" duration-ms="6885" status="PASS">
          <reporter-output>
            <line>
              <![CDATA[Title For Displayed]]>
            </line>
            <line>
              <![CDATA[The Form Title Is Register For Demo]]>
            </line>
            <line>
              <![CDATA[Registration Title Page Is Register For Demo]]>
            </line>
            <line>
              <![CDATA[Registration Title Page Is Enabled ]]>
            </line>
            <line>
              <![CDATA[First Name Is Displayed]]>
            </line>
            <line>
              <![CDATA[First Name Is Rohan]]>
            </line>
            <line>
              <![CDATA[First Name Is Enabled ]]>
            </line>
            <line>
              <![CDATA[Last Name Is Displayed]]>
            </line>
            <line>
              <![CDATA[Last Name Is Shrivastava]]>
            </line>
            <line>
              <![CDATA[Last Name Is Enabled ]]>
            </line>
            <line>
              <![CDATA[Male Radio Button Is Displayed]]>
            </line>
            <line>
              <![CDATA[Male Radio Button Is Male]]>
            </line>
            <line>
              <![CDATA[Male Radio Button Is Enabled ]]>
            </line>
            <line>
              <![CDATA[Male Radio Button Is Selected]]>
            </line>
            <line>
              <![CDATA[Address Is Displayed]]>
            </line>
            <line>
              <![CDATA[Address Is Shinde Ki Chhawani]]>
            </line>
            <line>
              <![CDATA[Address Is Enabled ]]>
            </line>
            <line>
              <![CDATA[Street Address Is Displayed]]>
            </line>
            <line>
              <![CDATA[Street Address Is Near DD Mall]]>
            </line>
            <line>
              <![CDATA[Street Address Is Enabled ]]>
            </line>
            <line>
              <![CDATA[City Is Displayed]]>
            </line>
            <line>
              <![CDATA[City Is Gwalior]]>
            </line>
            <line>
              <![CDATA[City Is Enabled ]]>
            </line>
            <line>
              <![CDATA[State Is Displayed]]>
            </line>
            <line>
              <![CDATA[State Is Madhya Pradesh]]>
            </line>
            <line>
              <![CDATA[State Is Enabled ]]>
            </line>
            <line>
              <![CDATA[Pin Code Is Displayed]]>
            </line>
            <line>
              <![CDATA[Pin Code Is 474001]]>
            </line>
            <line>
              <![CDATA[Pin Code Is Enabled ]]>
            </line>
            <line>
              <![CDATA[Country Is Displayed]]>
            </line>
            <line>
              <![CDATA[Selected Country Is India]]>
            </line>
            <line>
              <![CDATA[Country Is Enabled ]]>
            </line>
            <line>
              <![CDATA[Email Is Displayed]]>
            </line>
            <line>
              <![CDATA[Email Is Rohan@gmail.com]]>
            </line>
            <line>
              <![CDATA[Email Is Enabled ]]>
            </line>
            <line>
              <![CDATA[Date Of Demo Is Displayed]]>
            </line>
            <line>
              <![CDATA[Date Of Demo Is 27/07/2022]]>
            </line>
            <line>
              <![CDATA[Date Of Demo Is Enabled ]]>
            </line>
            <line>
              <![CDATA[Convenient Time HH Is Displayed]]>
            </line>
            <line>
              <![CDATA[02 Is Select Convenient Time HH]]>
            </line>
            <line>
              <![CDATA[Convenient Time HH Is Enabled ]]>
            </line>
            <line>
              <![CDATA[Convenient Time MM Is Displayed]]>
            </line>
            <line>
              <![CDATA[30 Is Select Convenient Time MM]]>
            </line>
            <line>
              <![CDATA[Convenient Time MM Is Enabled ]]>
            </line>
            <line>
              <![CDATA[Mobile Number Is Displayed]]>
            </line>
            <line>
              <![CDATA[Mobile Number Is 9865326598]]>
            </line>
            <line>
              <![CDATA[Mobile Number Is Enabled ]]>
            </line>
            <line>
              <![CDATA[Course Interested UFT Is Displayed]]>
            </line>
            <line>
              <![CDATA[Course Interested UFT Is UFT]]>
            </line>
            <line>
              <![CDATA[Course Interested UFT Is Enabled ]]>
            </line>
            <line>
              <![CDATA[Course Interested TestNG Is Displayed]]>
            </line>
            <line>
              <![CDATA[Course Interested TestNG Is TextNG]]>
            </line>
            <line>
              <![CDATA[Course Interested TestNG Is Enabled ]]>
            </line>
            <line>
              <![CDATA[Enter Your Query Is Displayed]]>
            </line>
            <line>
              <![CDATA[Enter Your Query Is In Which Date TextNg Start]]>
            </line>
            <line>
              <![CDATA[Enter Your Query Is Enabled ]]>
            </line>
            <line>
              <![CDATA[Verification Is Displayed]]>
            </line>
            <line>
              <![CDATA[Verification Value Is 99]]>
            </line>
            <line>
              <![CDATA[Verification Is Enabled ]]>
            </line>
            <line>
              <![CDATA[Submit Button Is Displayed]]>
            </line>
            <line>
              <![CDATA[Submit Button Is Click]]>
            </line>
            <line>
              <![CDATA[Submit Button  Is Enabled ]]>
            </line>
            <line>
              <![CDATA[---------------------------------------------------------------------]]>
            </line>
          </reporter-output>
        </test-method> <!-- registerUser -->
        <test-method signature="validateSuccessFulMessage()[pri:4, instance:com.telus.testng.RegisterUserDemo@79da8dc5]" started-at="2022-09-07T17:01:06 IST" name="validateSuccessFulMessage" finished-at="2022-09-07T17:01:07 IST" duration-ms="94" status="PASS">
          <reporter-output>
            <line>
              <![CDATA[Registration Form is Successfully Is Displayed]]>
            </line>
            <line>
              <![CDATA[The Validate Message Is Registration Form is Successfully Submitted. The Transaction ID : NXTGEN1937465]]>
            </line>
            <line>
              <![CDATA[Transaction Id Is NXTGEN1937465]]>
            </line>
            <line>
              <![CDATA[---------------------------------------------------------------------]]>
            </line>
          </reporter-output>
        </test-method> <!-- validateSuccessFulMessage -->
        <test-method signature="closeApplication()[pri:5, instance:com.telus.testng.RegisterUserDemo@79da8dc5]" started-at="2022-09-07T17:01:07 IST" name="closeApplication" finished-at="2022-09-07T17:01:07 IST" duration-ms="188" status="PASS">
          <reporter-output>
            <line>
              <![CDATA[Application Close ]]>
            </line>
            <line>
              <![CDATA[---------------------------------------------------------------------]]>
            </line>
          </reporter-output>
        </test-method> <!-- closeApplication -->
      </class> <!-- com.telus.testng.RegisterUserDemo -->
    </test> <!-- Register_User_Demo_TestCase -->
  </suite> <!-- Automation Suite -->
</testng-results>
