<?xml version="1.0" encoding="UTF-8"?>
<!-- Generated by org.testng.reporters.JUnitXMLReporter -->
<testsuite ignored="0" hostname="LAPTOP-IPH4VNJ5" failures="0" tests="5" name="Register_User_Demo_TestCase" time="23.039" errors="0" timestamp="2022-09-07T16:54:32 IST">
  <testcase classname="com.telus.testng.RegisterUserDemo" name="launchApplication" time="11.548"/>
  <testcase classname="com.telus.testng.RegisterUserDemo" name="navigateToRegistrationForm" time="2.79"/>
  <testcase classname="com.telus.testng.RegisterUserDemo" name="registerUser" time="8.216"/>
  <testcase classname="com.telus.testng.RegisterUserDemo" name="validateSuccessFulMessage" time="0.105"/>
  <testcase classname="com.telus.testng.RegisterUserDemo" name="closeApplication" time="0.21"/>
</testsuite> <!-- Register_User_Demo_TestCase -->
