<?xml version="1.0" encoding="UTF-8"?>
<!-- Generated by org.testng.reporters.JUnitXMLReporter -->
<testsuite ignored="0" hostname="LAPTOP-IPH4VNJ5" failures="0" tests="5" name="Register_User_Demo_TestCase" time="19.982" errors="0" timestamp="2022-09-07T17:01:07 IST">
  <testcase classname="com.telus.testng.RegisterUserDemo" name="launchApplication" time="9.21"/>
  <testcase classname="com.telus.testng.RegisterUserDemo" name="navigateToRegistrationForm" time="3.451"/>
  <testcase classname="com.telus.testng.RegisterUserDemo" name="registerUser" time="6.885"/>
  <testcase classname="com.telus.testng.RegisterUserDemo" name="validateSuccessFulMessage" time="0.094"/>
  <testcase classname="com.telus.testng.RegisterUserDemo" name="closeApplication" time="0.188"/>
</testsuite> <!-- Register_User_Demo_TestCase -->
