<?xml version="1.0" encoding="UTF-8"?>
<!-- Generated by org.testng.reporters.JUnitXMLReporter -->
<testsuite ignored="0" hostname="LAPTOP-IPH4VNJ5" failures="0" tests="5" name="Register_User_Demo_TestCase" time="12.534" errors="0" timestamp="2022-08-08T13:47:12 IST">
  <testcase classname="com.telus.testng.RegisterUserDemo" name="launchApplication" time="6.198"/>
  <testcase classname="com.telus.testng.RegisterUserDemo" name="navigateToRegistrationForm" time="1.862"/>
  <testcase classname="com.telus.testng.RegisterUserDemo" name="registerUser" time="4.218"/>
  <testcase classname="com.telus.testng.RegisterUserDemo" name="validateSuccessFulMessage" time="0.071"/>
  <testcase classname="com.telus.testng.RegisterUserDemo" name="closeApplication" time="0.086"/>
</testsuite> <!-- Register_User_Demo_TestCase -->
