<?xml version="1.0" encoding="UTF-8"?>
<!-- Generated by org.testng.reporters.JUnitXMLReporter -->
<testsuite ignored="0" hostname="LAPTOP-IPH4VNJ5" failures="0" tests="5" name="Test" time="13.949" errors="0" timestamp="2022-08-08T13:43:23 IST">
  <testcase classname="com.telus.testng.RegisterUserDemo" name="launchApplication" time="7.66"/>
  <testcase classname="com.telus.testng.RegisterUserDemo" name="navigateToRegistrationForm" time="1.59"/>
  <testcase classname="com.telus.testng.RegisterUserDemo" name="registerUser" time="4.462"/>
  <testcase classname="com.telus.testng.RegisterUserDemo" name="validateSuccessFulMessage" time="0.054"/>
  <testcase classname="com.telus.testng.RegisterUserDemo" name="closeApplication" time="0.087"/>
</testsuite> <!-- Test -->
